TN:
SF:/home/coco/Project/ngx-defi-core/src/polyfills.ts
FNF:0
FNH:0
DA:46,1
DA:74,1
LF:2
LH:2
BRF:0
BRH:0
end_of_record
TN:
SF:/home/coco/Project/ngx-defi-core/src/test.ts
FNF:0
FNH:0
DA:3,1
DA:4,1
DA:5,1
DA:13,1
DA:18,1
DA:20,1
LF:6
LH:6
BRF:0
BRH:0
end_of_record
TN:
SF:/home/coco/Project/ngx-defi-core/src/app/app.component.ts
FN:11,(anonymous_2)
FN:14,AppComponent
FN:28,(anonymous_4)
FNF:3
FNH:2
FNDA:1,(anonymous_2)
FNDA:1,AppComponent
FNDA:0,(anonymous_4)
DA:1,1
DA:3,1
DA:4,1
DA:11,1
DA:12,1
DA:15,1
DA:29,0
DA:34,1
LF:8
LH:7
BRF:0
BRH:0
end_of_record
TN:
SF:/home/coco/Project/ngx-defi-core/src/app/app.module.ts
FN:37,(anonymous_1)
FNF:1
FNH:1
FNDA:2,(anonymous_1)
DA:2,1
DA:4,1
DA:5,1
DA:6,1
DA:7,1
DA:8,1
DA:9,1
DA:10,1
DA:11,1
DA:12,1
DA:13,1
DA:14,1
DA:37,1
LF:13
LH:13
BRF:0
BRH:0
end_of_record
TN:
SF:/home/coco/Project/ngx-defi-core/src/app/demo/demo-sdk.module.ts
FN:47,(anonymous_1)
FNF:1
FNH:1
FNDA:4,(anonymous_1)
DA:1,1
DA:2,1
DA:3,1
DA:4,1
DA:5,1
DA:6,1
DA:7,1
DA:8,1
DA:9,1
DA:10,1
DA:11,1
DA:12,1
DA:13,1
DA:47,1
LF:14
LH:14
BRF:0
BRH:0
end_of_record
TN:
SF:/home/coco/Project/ngx-defi-core/src/app/demo/demo.component.ts
FN:9,(anonymous_2)
FN:15,DemoComponent
FN:16,(anonymous_4)
FNF:3
FNH:3
FNDA:1,(anonymous_2)
FNDA:1,DemoComponent
FNDA:1,(anonymous_4)
DA:1,1
DA:2,1
DA:9,1
DA:14,1
DA:15,1
DA:16,1
DA:17,1
DA:18,1
DA:19,1
DA:20,1
DA:22,1
LF:11
LH:11
BRF:0
BRH:0
end_of_record
TN:
SF:/home/coco/Project/ngx-defi-core/src/app/demo/demo.module.ts
FN:39,(anonymous_1)
FNF:1
FNH:1
FNDA:2,(anonymous_1)
DA:1,1
DA:2,1
DA:3,1
DA:10,1
DA:14,1
DA:16,1
DA:17,1
DA:18,1
DA:39,1
LF:9
LH:9
BRF:0
BRH:0
end_of_record
TN:
SF:/home/coco/Project/ngx-defi-core/src/app/demo/sample.directive.ts
FN:6,(anonymous_2)
FN:7,SampleDirective
FNF:2
FNH:2
FNDA:1,(anonymous_2)
FNDA:1,SampleDirective
DA:1,1
DA:6,1
DA:7,1
DA:8,1
LF:4
LH:4
BRF:0
BRH:0
end_of_record
TN:
SF:/home/coco/Project/ngx-defi-core/src/app/demo/home/home.component.ts
FN:8,(anonymous_2)
FN:10,HomeComponent
FN:12,(anonymous_4)
FNF:3
FNH:3
FNDA:1,(anonymous_2)
FNDA:1,HomeComponent
FNDA:1,(anonymous_4)
DA:1,1
DA:8,1
DA:12,1
DA:15,1
LF:4
LH:4
BRF:0
BRH:0
end_of_record
TN:
SF:/home/coco/Project/ngx-defi-core/src/app/demo/map/map.component.ts
FN:11,(anonymous_6)
FN:6,MapBridgeComponent
FN:20,(anonymous_8)
FN:15,MapComponent
FNF:4
FNH:4
FNDA:1,(anonymous_6)
FNDA:1,MapBridgeComponent
FNDA:1,(anonymous_8)
FNDA:1,MapComponent
DA:1,1
DA:3,1
DA:4,1
DA:11,1
DA:12,1
DA:13,1
DA:15,1
DA:20,1
DA:21,1
DA:22,1
DA:23,1
DA:24,1
DA:25,1
LF:13
LH:13
BRDA:15,0,0,1
BRDA:15,0,1,1
BRDA:15,0,2,1
BRF:3
BRH:3
end_of_record
TN:
SF:/home/coco/Project/ngx-defi-core/src/app/demo/map/map.module.ts
FN:27,(anonymous_1)
FNF:1
FNH:1
FNDA:2,(anonymous_1)
DA:1,1
DA:2,1
DA:4,1
DA:5,1
DA:9,1
DA:10,1
DA:27,1
LF:7
LH:7
BRF:0
BRH:0
end_of_record
TN:
SF:/home/coco/Project/ngx-defi-core/src/app/demo/map/sample1/sample1.component.ts
FN:9,(anonymous_2)
FN:13,Sample1Component
FN:14,(anonymous_4)
FN:21,(anonymous_5)
FN:22,(anonymous_6)
FN:23,(anonymous_7)
FNF:6
FNH:6
FNDA:1,(anonymous_2)
FNDA:2,Sample1Component
FNDA:2,(anonymous_4)
FNDA:400,(anonymous_5)
FNDA:200,(anonymous_6)
FNDA:200,(anonymous_7)
DA:1,1
DA:2,1
DA:3,1
DA:4,1
DA:5,1
DA:9,1
DA:10,1
DA:11,1
DA:12,1
DA:13,2
DA:14,1
DA:15,2
DA:16,200
DA:21,400
DA:22,200
DA:23,200
DA:24,1
LF:17
LH:17
BRF:0
BRH:0
end_of_record
TN:
SF:/home/coco/Project/ngx-defi-core/src/app/demo/map/sample1/sample1.js
FNF:0
FNH:0
DA:1,1
LF:1
LH:1
BRF:0
BRH:0
end_of_record
TN:
SF:/home/coco/Project/ngx-defi-core/src/app/demo/sample-code/sample-code.component.ts
FN:8,(anonymous_2)
FN:13,SampleCodeComponent
FN:14,(anonymous_4)
FNF:3
FNH:3
FNDA:1,(anonymous_2)
FNDA:2,SampleCodeComponent
FNDA:1,(anonymous_4)
DA:1,1
DA:8,1
DA:9,1
DA:14,1
DA:15,1
DA:16,1
DA:22,1
LF:7
LH:7
BRDA:15,0,0,1
BRDA:15,0,1,0
BRF:2
BRH:1
end_of_record
TN:
SF:/home/coco/Project/ngx-defi-core/src/app/modules/containers/containers.module.ts
FN:19,(anonymous_1)
FNF:1
FNH:1
FNDA:6,(anonymous_1)
DA:1,1
DA:2,1
DA:3,1
DA:4,1
DA:19,1
LF:5
LH:5
BRF:0
BRH:0
end_of_record
TN:
SF:/home/coco/Project/ngx-defi-core/src/app/modules/containers/box/box.component.ts
FN:15,(anonymous_2)
FNF:1
FNH:1
FNDA:2,(anonymous_2)
DA:1,1
DA:15,1
DA:17,1
DA:21,1
LF:4
LH:4
BRF:0
BRH:0
end_of_record
TN:
SF:/home/coco/Project/ngx-defi-core/src/app/modules/containers/panel/panel.component.ts
FN:30,(anonymous_2)
FN:9,PanelComponent
FN:38,(anonymous_4)
FN:43,(anonymous_5)
FNF:4
FNH:3
FNDA:1,(anonymous_2)
FNDA:8,PanelComponent
FNDA:8,(anonymous_4)
FNDA:0,(anonymous_5)
DA:1,1
DA:2,1
DA:30,1
DA:31,1
DA:32,9
DA:33,9
DA:35,9
DA:36,8
DA:38,1
DA:39,8
DA:40,7
DA:43,1
DA:44,0
DA:45,0
DA:46,0
DA:47,0
DA:50,1
LF:17
LH:13
BRDA:39,0,0,7
BRDA:39,0,1,1
BRDA:40,1,0,7
BRDA:40,1,1,0
BRDA:44,2,0,0
BRDA:44,2,1,0
BRDA:46,3,0,0
BRDA:46,3,1,0
BRF:8
BRH:3
end_of_record
TN:
SF:/home/coco/Project/ngx-defi-core/src/app/modules/core/core.module.ts
FN:26,(anonymous_1)
FN:27,(anonymous_3)
FNF:2
FNH:2
FNDA:5,(anonymous_1)
FNDA:2,(anonymous_3)
DA:1,1
DA:2,1
DA:4,1
DA:5,1
DA:6,1
DA:7,1
DA:8,1
DA:26,1
DA:27,1
DA:28,2
DA:35,1
LF:11
LH:11
BRF:0
BRH:0
end_of_record
TN:
SF:/home/coco/Project/ngx-defi-core/src/app/modules/core/directives/spinningIcon.directive.ts
FN:16,(anonymous_2)
FN:21,DefiSpinningIconDirective
FN:23,(anonymous_4)
FN:28,(anonymous_5)
FNF:4
FNH:1
FNDA:1,(anonymous_2)
FNDA:0,DefiSpinningIconDirective
FNDA:0,(anonymous_4)
FNDA:0,(anonymous_5)
DA:1,1
DA:16,1
DA:21,0
DA:23,1
DA:24,0
DA:25,0
DA:28,1
DA:29,0
DA:30,0
DA:32,1
LF:10
LH:5
BRF:0
BRH:0
end_of_record
TN:
SF:/home/coco/Project/ngx-defi-core/src/app/modules/core/directives/stopPropagation.directive.ts
FN:13,(anonymous_2)
FN:18,(anonymous_4)
FNF:2
FNH:1
FNDA:1,(anonymous_2)
FNDA:0,(anonymous_4)
DA:1,1
DA:13,1
DA:18,1
DA:19,0
DA:21,1
LF:5
LH:4
BRF:0
BRH:0
end_of_record
TN:
SF:/home/coco/Project/ngx-defi-core/src/app/modules/core/pipe/toId.pipe.ts
FN:7,(anonymous_1)
FN:13,(anonymous_3)
FNF:2
FNH:1
FNDA:1,(anonymous_1)
FNDA:0,(anonymous_3)
DA:1,1
DA:7,1
DA:13,1
DA:14,0
DA:16,1
LF:5
LH:4
BRF:0
BRH:0
end_of_record
TN:
SF:/home/coco/Project/ngx-defi-core/src/app/modules/core/popover/popover.component.ts
FN:27,(anonymous_2)
FN:40,DefiPopoverComponent
FN:48,(anonymous_4)
FN:53,(anonymous_5)
FN:56,(anonymous_6)
FN:57,(anonymous_7)
FNF:6
FNH:2
FNDA:1,(anonymous_2)
FNDA:1,DefiPopoverComponent
FNDA:0,(anonymous_4)
FNDA:0,(anonymous_5)
FNDA:0,(anonymous_6)
FNDA:0,(anonymous_7)
DA:1,1
DA:12,1
DA:13,1
DA:27,1
DA:32,2
DA:36,2
DA:37,1
DA:38,1
DA:40,1
DA:41,1
DA:48,1
DA:49,0
DA:53,1
DA:54,0
DA:56,1
DA:57,0
DA:58,0
DA:59,0
DA:60,0
DA:61,0
DA:65,1
LF:21
LH:14
BRDA:50,0,0,0
BRDA:50,0,1,0
BRDA:60,1,0,0
BRDA:60,1,1,0
BRDA:60,2,0,0
BRDA:60,2,1,0
BRF:6
BRH:0
end_of_record
TN:
SF:/home/coco/Project/ngx-defi-core/src/app/modules/core/providers/common.service.ts
FN:27,(anonymous_2)
FN:44,DefiCommonService
FN:53,(anonymous_4)
FN:62,(anonymous_5)
FN:69,(anonymous_6)
FN:77,(anonymous_7)
FN:78,(anonymous_8)
FN:79,(anonymous_9)
FN:89,(anonymous_10)
FN:140,(anonymous_11)
FN:141,(anonymous_12)
FN:142,(anonymous_13)
FN:151,(anonymous_14)
FN:153,flat
FN:154,(anonymous_16)
FN:165,(anonymous_17)
FN:174,(anonymous_18)
FN:175,(anonymous_19)
FN:177,(anonymous_20)
FN:178,(anonymous_21)
FN:179,(anonymous_22)
FN:181,(anonymous_23)
FN:182,(anonymous_24)
FN:189,(anonymous_25)
FN:193,recursiveCheck
FNF:25
FNH:14
FNDA:1,(anonymous_2)
FNDA:6,DefiCommonService
FNDA:7,(anonymous_4)
FNDA:13,(anonymous_5)
FNDA:171,(anonymous_6)
FNDA:2,(anonymous_7)
FNDA:0,(anonymous_8)
FNDA:0,(anonymous_9)
FNDA:171,(anonymous_10)
FNDA:1,(anonymous_11)
FNDA:1,(anonymous_12)
FNDA:1,(anonymous_13)
FNDA:1,(anonymous_14)
FNDA:6,flat
FNDA:9,(anonymous_16)
FNDA:1,(anonymous_17)
FNDA:0,(anonymous_18)
FNDA:0,(anonymous_19)
FNDA:0,(anonymous_20)
FNDA:0,(anonymous_21)
FNDA:0,(anonymous_22)
FNDA:0,(anonymous_23)
FNDA:0,(anonymous_24)
FNDA:0,(anonymous_25)
FNDA:0,recursiveCheck
DA:1,1
DA:2,1
DA:27,1
DA:45,6
DA:46,6
DA:47,6
DA:53,1
DA:54,7
DA:55,7
DA:56,7
DA:62,13
DA:63,13
DA:69,13
DA:70,171
DA:71,170
DA:72,4
DA:73,2
DA:74,2
DA:76,2
DA:77,2
DA:78,2
DA:79,2
DA:80,2
DA:84,1
DA:85,1
DA:89,13
DA:90,171
DA:91,1
DA:92,1
DA:95,13
DA:140,1
DA:141,1
DA:142,1
DA:143,1
DA:151,1
DA:152,1
DA:154,6
DA:155,9
DA:158,1
DA:159,1
DA:165,1
DA:166,1
DA:174,1
DA:175,0
DA:176,0
DA:177,0
DA:179,0
DA:180,0
DA:181,0
DA:182,0
DA:183,0
DA:184,0
DA:185,0
DA:189,0
DA:194,0
DA:195,0
DA:198,1
LF:57
LH:44
BRDA:56,0,0,3
BRDA:56,0,1,4
BRDA:70,1,0,170
BRDA:70,1,1,1
BRDA:71,2,0,166
BRDA:71,2,1,4
BRDA:72,3,0,2
BRDA:72,3,1,2
BRDA:72,4,0,4
BRDA:72,4,1,2
BRDA:90,5,0,170
BRDA:90,5,1,1
BRDA:155,6,0,5
BRDA:155,6,1,4
BRDA:184,7,0,0
BRDA:184,7,1,0
BRDA:184,8,0,0
BRDA:184,8,1,0
BRDA:189,9,0,0
BRDA:189,9,1,0
BRDA:194,10,0,0
BRDA:194,10,1,0
BRF:22
BRH:14
end_of_record
TN:
SF:/home/coco/Project/ngx-defi-core/src/app/modules/display/defi-display.component.ts
FN:19,(anonymous_2)
FN:14,DefiDisplayComponent
FN:24,(anonymous_4)
FN:29,(anonymous_5)
FN:30,(anonymous_6)
FN:32,(anonymous_7)
FNF:6
FNH:6
FNDA:1,(anonymous_2)
FNDA:3,DefiDisplayComponent
FNDA:5,(anonymous_4)
FNDA:3,(anonymous_5)
FNDA:4,(anonymous_6)
FNDA:1,(anonymous_7)
DA:1,1
DA:19,1
DA:20,1
DA:21,1
DA:22,4
DA:23,4
DA:24,1
DA:25,5
DA:26,5
DA:29,3
DA:30,4
DA:32,1
DA:33,1
DA:34,1
DA:36,1
LF:15
LH:15
BRDA:25,0,0,5
BRDA:25,0,1,0
BRDA:30,1,0,1
BRDA:30,1,1,2
BRF:4
BRH:3
end_of_record
TN:
SF:/home/coco/Project/ngx-defi-core/src/app/modules/display/defi-display.module.ts
FN:15,(anonymous_1)
FNF:1
FNH:1
FNDA:5,(anonymous_1)
DA:1,1
DA:2,1
DA:3,1
DA:4,1
DA:5,1
DA:15,1
LF:6
LH:6
BRF:0
BRH:0
end_of_record
TN:
SF:/home/coco/Project/ngx-defi-core/src/app/modules/display/directives/defi-display-item.directive.ts
FN:6,(anonymous_2)
FN:11,DefiDisplayItemDirective
FN:13,(anonymous_4)
FN:28,(anonymous_5)
FNF:4
FNH:4
FNDA:1,(anonymous_2)
FNDA:16,DefiDisplayItemDirective
FNDA:16,(anonymous_4)
FNDA:18,(anonymous_5)
DA:1,1
DA:6,1
DA:7,1
DA:8,16
DA:11,16
DA:13,1
DA:14,16
DA:15,7
DA:16,7
DA:22,1
DA:25,16
DA:26,16
DA:28,18
DA:29,18
DA:30,18
DA:31,2
DA:32,18
DA:33,9
DA:34,9
DA:35,2
DA:36,2
DA:38,9
DA:39,9
DA:42,1
LF:24
LH:24
BRDA:14,0,0,7
BRDA:14,0,1,9
BRDA:14,1,0,16
BRDA:14,1,1,15
BRDA:16,2,0,1
BRDA:16,2,1,6
BRDA:17,3,0,7
BRDA:17,3,1,2
BRDA:17,3,2,2
BRDA:17,3,3,1
BRDA:17,3,4,1
BRDA:30,4,0,16
BRDA:30,4,1,2
BRDA:32,5,0,9
BRDA:32,5,1,9
BRDA:32,6,0,18
BRDA:32,6,1,17
BRDA:34,7,0,2
BRDA:34,7,1,7
BRF:19
BRH:19
end_of_record
TN:
SF:/home/coco/Project/ngx-defi-core/src/app/modules/forms/forms.module.ts
FN:25,(anonymous_1)
FNF:1
FNH:1
FNDA:5,(anonymous_1)
DA:1,1
DA:2,1
DA:3,1
DA:4,1
DA:5,1
DA:6,1
DA:25,1
LF:7
LH:7
BRF:0
BRH:0
end_of_record
TN:
SF:/home/coco/Project/ngx-defi-core/src/app/modules/forms/directives/debounceInput.directive.ts
FN:14,(anonymous_2)
FN:11,DefiDebounceInputDirective
FN:37,(anonymous_4)
FN:40,(anonymous_5)
FN:43,(anonymous_6)
FN:46,(anonymous_7)
FN:52,(anonymous_8)
FN:60,(anonymous_9)
FNF:8
FNH:1
FNDA:1,(anonymous_2)
FNDA:0,DefiDebounceInputDirective
FNDA:0,(anonymous_4)
FNDA:0,(anonymous_5)
FNDA:0,(anonymous_6)
FNDA:0,(anonymous_7)
FNDA:0,(anonymous_8)
FNDA:0,(anonymous_9)
DA:1,1
DA:2,1
DA:4,1
DA:14,1
DA:18,1
DA:22,1
DA:26,0
DA:37,1
DA:38,0
DA:40,1
DA:41,0
DA:43,0
DA:46,1
DA:47,0
DA:52,1
DA:53,0
DA:60,2
DA:61,0
DA:62,0
DA:63,0
DA:65,1
LF:21
LH:12
BRDA:47,0,0,0
BRDA:47,0,1,0
BRDA:47,1,0,0
BRDA:47,1,1,0
BRF:4
BRH:0
end_of_record
TN:
SF:/home/coco/Project/ngx-defi-core/src/app/modules/forms/directives/showPassword.directive.ts
FN:11,(anonymous_2)
FN:16,DefiShowPasswordDirective
FN:18,(anonymous_4)
FN:31,(anonymous_5)
FNF:4
FNH:4
FNDA:1,(anonymous_2)
FNDA:1,DefiShowPasswordDirective
FNDA:1,(anonymous_4)
FNDA:2,(anonymous_5)
DA:1,1
DA:11,1
DA:16,1
DA:18,1
DA:19,1
DA:20,1
DA:21,1
DA:22,1
DA:23,1
DA:24,1
DA:25,1
DA:26,1
DA:27,1
DA:28,1
DA:29,1
DA:31,1
DA:32,2
DA:33,2
DA:34,1
DA:35,1
DA:36,1
DA:38,1
DA:39,1
DA:40,1
DA:44,1
DA:45,1
DA:46,1
DA:47,1
DA:51,1
LF:29
LH:29
BRDA:33,0,0,1
BRDA:33,0,1,1
BRF:2
BRH:2
end_of_record
TN:
SF:/home/coco/Project/ngx-defi-core/src/app/modules/forms/directives/validators.directive.ts
FN:14,(anonymous_2)
FN:23,DefiValidatorsDirective
FN:28,(anonymous_4)
FN:35,(anonymous_5)
FNF:4
FNH:4
FNDA:1,(anonymous_2)
FNDA:3,DefiValidatorsDirective
FNDA:2,(anonymous_4)
FNDA:2,(anonymous_5)
DA:1,1
DA:14,1
DA:18,1
DA:23,3
DA:28,1
DA:29,2
DA:35,1
DA:36,2
DA:37,0
DA:38,0
DA:39,0
DA:41,2
DA:42,1
DA:43,1
DA:45,1
DA:46,1
DA:49,1
LF:17
LH:14
BRDA:36,0,0,0
BRDA:36,0,1,2
BRDA:41,1,0,1
BRDA:41,1,1,1
BRF:4
BRH:3
end_of_record
TN:
SF:/home/coco/Project/ngx-defi-core/src/app/modules/forms/form-errors/form-errors.component.ts
FN:19,(anonymous_2)
FNF:1
FNH:1
FNDA:2,(anonymous_2)
DA:1,1
DA:19,1
DA:23,1
DA:27,1
DA:29,1
LF:5
LH:5
BRF:0
BRH:0
end_of_record
TN:
SF:/home/coco/Project/ngx-defi-core/src/app/modules/forms/validators/Password.validator.ts
FN:22,(anonymous_0)
FN:27,(anonymous_2)
FN:37,(anonymous_3)
FNF:3
FNH:3
FNDA:1,(anonymous_0)
FNDA:2,(anonymous_2)
FNDA:2,(anonymous_3)
DA:22,1
DA:27,1
DA:28,2
DA:29,2
DA:30,2
DA:31,1
DA:32,1
DA:37,3
DA:38,2
DA:39,2
DA:40,2
DA:41,140
DA:43,2
DA:45,1
LF:14
LH:14
BRDA:30,0,0,1
BRDA:30,0,1,1
BRDA:37,1,0,1
BRDA:37,1,1,1
BRF:4
BRH:4
end_of_record
TN:
SF:/home/coco/Project/ngx-defi-core/src/app/modules/map/map.component.ts
FN:32,(anonymous_2)
FN:63,CltMapComponent
FN:68,(anonymous_4)
FN:76,(anonymous_5)
FN:80,(anonymous_6)
FN:82,(anonymous_7)
FN:86,(anonymous_8)
FN:90,(anonymous_9)
FN:99,(anonymous_10)
FN:103,(anonymous_11)
FN:107,(anonymous_12)
FN:111,(anonymous_13)
FN:118,(anonymous_14)
FN:122,(anonymous_15)
FN:130,(anonymous_16)
FN:136,(anonymous_17)
FN:149,(anonymous_18)
FN:154,(anonymous_19)
FN:160,(anonymous_20)
FN:168,(anonymous_21)
FN:172,(anonymous_22)
FN:178,(anonymous_23)
FN:179,(anonymous_24)
FN:182,(anonymous_25)
FN:198,(anonymous_26)
FN:200,(anonymous_27)
FNF:26
FNH:20
FNDA:1,(anonymous_2)
FNDA:13,CltMapComponent
FNDA:10,(anonymous_4)
FNDA:4,(anonymous_5)
FNDA:10,(anonymous_6)
FNDA:10,(anonymous_7)
FNDA:8,(anonymous_8)
FNDA:1,(anonymous_9)
FNDA:35,(anonymous_10)
FNDA:12,(anonymous_11)
FNDA:1,(anonymous_12)
FNDA:11,(anonymous_13)
FNDA:10,(anonymous_14)
FNDA:5,(anonymous_15)
FNDA:0,(anonymous_16)
FNDA:0,(anonymous_17)
FNDA:0,(anonymous_18)
FNDA:0,(anonymous_19)
FNDA:9,(anonymous_20)
FNDA:9,(anonymous_21)
FNDA:9,(anonymous_22)
FNDA:10,(anonymous_23)
FNDA:0,(anonymous_24)
FNDA:0,(anonymous_25)
FNDA:110,(anonymous_26)
FNDA:290,(anonymous_27)
DA:1,1
DA:16,1
DA:17,1
DA:18,1
DA:19,1
DA:20,1
DA:21,1
DA:22,1
DA:23,1
DA:24,1
DA:25,1
DA:32,1
DA:34,13
DA:35,13
DA:37,14
DA:38,1
DA:39,14
DA:40,1
DA:41,1
DA:42,1
DA:43,14
DA:44,14
DA:45,14
DA:46,14
DA:47,14
DA:48,14
DA:49,14
DA:50,14
DA:51,14
DA:52,14
DA:53,14
DA:54,14
DA:56,14
DA:57,14
DA:58,1
DA:59,1
DA:60,1
DA:61,1
DA:64,13
DA:65,13
DA:66,13
DA:68,10
DA:69,10
DA:75,10
DA:76,10
DA:77,4
DA:80,10
DA:81,10
DA:82,10
DA:83,10
DA:84,9
DA:85,9
DA:86,9
DA:87,8
DA:88,8
DA:89,8
DA:91,1
DA:92,1
DA:93,1
DA:95,0
DA:99,1
DA:100,35
DA:103,1
DA:104,12
DA:107,1
DA:108,1
DA:111,1
DA:112,11
DA:113,11
DA:115,11
DA:118,1
DA:119,10
DA:122,5
DA:123,5
DA:124,1
DA:125,1
DA:127,5
DA:128,5
DA:129,5
DA:130,5
DA:131,0
DA:133,5
DA:136,1
DA:137,0
DA:148,0
DA:149,0
DA:150,0
DA:152,0
DA:154,1
DA:155,0
DA:156,0
DA:157,0
DA:160,9
DA:161,9
DA:162,2
DA:163,2
DA:164,2
DA:165,2
DA:168,9
DA:169,9
DA:170,9
DA:171,9
DA:172,9
DA:173,9
DA:174,9
DA:178,10
DA:179,10
DA:180,0
DA:181,0
DA:182,0
DA:183,0
DA:185,10
DA:198,10
DA:199,110
DA:200,110
DA:201,290
DA:202,290
DA:206,1
LF:118
LH:104
BRDA:71,0,0,0
BRDA:71,0,1,10
BRDA:83,1,0,1
BRDA:83,1,1,9
BRDA:83,2,0,10
BRDA:83,2,1,10
BRDA:85,3,0,9
BRDA:85,3,1,0
BRDA:85,4,0,9
BRDA:85,4,1,0
BRDA:113,5,0,11
BRDA:113,5,1,11
BRDA:113,5,2,11
BRDA:123,6,0,1
BRDA:123,6,1,4
BRDA:148,7,0,0
BRDA:148,7,1,0
BRDA:155,8,0,0
BRDA:155,8,1,0
BRDA:161,9,0,2
BRDA:161,9,1,7
BRDA:165,10,0,2
BRDA:165,10,1,0
BRDA:170,11,0,9
BRDA:170,11,1,0
BRDA:181,12,0,0
BRDA:181,12,1,0
BRDA:182,13,0,0
BRDA:182,13,1,0
BRDA:201,14,0,0
BRDA:201,14,1,290
BRDA:41,15,0,1
BRDA:41,15,1,0
BRDA:41,16,0,1
BRF:34
BRH:19
end_of_record
TN:
SF:/home/coco/Project/ngx-defi-core/src/app/modules/map/map.module.ts
FN:21,(anonymous_1)
FN:22,(anonymous_3)
FNF:2
FNH:2
FNDA:4,(anonymous_1)
FNDA:3,(anonymous_3)
DA:1,1
DA:2,1
DA:3,1
DA:4,1
DA:5,1
DA:21,1
DA:22,1
DA:23,3
DA:30,1
LF:9
LH:9
BRF:0
BRH:0
end_of_record
TN:
SF:/home/coco/Project/ngx-defi-core/src/app/modules/map/map-layer/map-layer.component.ts
FN:15,(anonymous_2)
FN:24,CltMapLayerComponent
FN:28,(anonymous_4)
FN:32,(anonymous_5)
FN:39,(anonymous_6)
FN:56,(anonymous_7)
FN:70,(anonymous_8)
FN:82,(anonymous_9)
FN:86,(anonymous_10)
FN:90,(anonymous_11)
FN:94,(anonymous_12)
FN:102,(anonymous_13)
FN:105,(anonymous_14)
FN:110,(anonymous_15)
FN:113,(anonymous_16)
FN:120,(anonymous_17)
FN:125,(anonymous_18)
FN:130,(anonymous_19)
FNF:18
FNH:16
FNDA:1,(anonymous_2)
FNDA:12,CltMapLayerComponent
FNDA:0,(anonymous_4)
FNDA:12,(anonymous_5)
FNDA:216,(anonymous_6)
FNDA:201,(anonymous_7)
FNDA:2,(anonymous_8)
FNDA:2,(anonymous_9)
FNDA:2,(anonymous_10)
FNDA:2,(anonymous_11)
FNDA:2,(anonymous_12)
FNDA:2,(anonymous_13)
FNDA:2,(anonymous_14)
FNDA:1,(anonymous_15)
FNDA:1,(anonymous_16)
FNDA:1,(anonymous_17)
FNDA:0,(anonymous_18)
FNDA:2,(anonymous_19)
DA:1,1
DA:3,1
DA:4,1
DA:5,1
DA:6,1
DA:7,1
DA:8,1
DA:9,1
DA:15,1
DA:19,12
DA:20,12
DA:22,13
DA:24,12
DA:25,12
DA:28,1
DA:29,0
DA:32,1
DA:33,12
DA:36,12
DA:37,12
DA:39,216
DA:47,216
DA:48,2
DA:49,2
DA:50,2
DA:51,2
DA:53,214
DA:56,214
DA:57,201
DA:58,201
DA:59,0
DA:61,214
DA:62,214
DA:63,214
DA:64,214
DA:65,214
DA:66,214
DA:67,214
DA:70,4
DA:71,2
DA:72,2
DA:73,2
DA:74,2
DA:79,2
DA:80,2
DA:81,2
DA:82,2
DA:83,2
DA:84,2
DA:86,2
DA:87,2
DA:88,2
DA:90,2
DA:91,2
DA:93,2
DA:94,2
DA:95,2
DA:96,2
DA:98,2
DA:102,1
DA:103,2
DA:105,1
DA:106,2
DA:110,1
DA:111,1
DA:113,1
DA:114,1
DA:115,1
DA:116,1
DA:117,1
DA:120,1
DA:121,1
DA:122,1
DA:123,1
DA:125,1
DA:126,0
DA:127,0
DA:130,1
DA:131,2
DA:132,1
DA:133,1
DA:135,2
DA:136,2
DA:138,1
LF:84
LH:80
BRDA:29,0,0,0
BRDA:29,0,1,0
BRDA:47,1,0,2
BRDA:47,1,1,214
BRDA:49,2,0,1
BRDA:49,2,1,1
BRDA:49,3,0,2
BRDA:49,3,1,1
BRDA:58,4,0,0
BRDA:58,4,1,201
BRDA:58,5,0,201
BRDA:58,5,1,0
BRDA:61,6,0,214
BRDA:61,6,1,12
BRDA:62,7,0,201
BRDA:62,7,1,13
BRDA:62,8,0,214
BRDA:62,8,1,202
BRDA:63,9,0,1
BRDA:63,9,1,213
BRDA:63,10,0,214
BRDA:63,10,1,202
BRDA:64,11,0,1
BRDA:64,11,1,213
BRDA:64,12,0,214
BRDA:64,12,1,202
BRDA:70,13,0,2
BRDA:70,13,1,0
BRDA:70,14,0,2
BRDA:70,14,1,0
BRDA:91,15,0,1
BRDA:91,15,1,1
BRDA:111,16,0,1
BRDA:111,16,1,0
BRDA:114,17,0,1
BRDA:114,17,1,0
BRDA:122,18,0,1
BRDA:122,18,1,0
BRDA:126,19,0,0
BRDA:126,19,1,0
BRDA:131,20,0,1
BRDA:131,20,1,1
BRDA:135,21,0,2
BRDA:135,21,1,0
BRF:44
BRH:32
end_of_record
TN:
SF:/home/coco/Project/ngx-defi-core/src/app/modules/map/providers/map.service.ts
FN:9,(anonymous_2)
FN:11,MapService
FN:13,(anonymous_4)
FN:17,(anonymous_5)
FN:21,(anonymous_6)
FN:22,(anonymous_7)
FN:27,(anonymous_8)
FN:30,(anonymous_9)
FN:37,(anonymous_10)
FN:42,(anonymous_11)
FN:48,(anonymous_12)
FN:56,(anonymous_13)
FNF:12
FNH:12
FNDA:1,(anonymous_2)
FNDA:25,MapService
FNDA:5,(anonymous_4)
FNDA:212,(anonymous_5)
FNDA:217,(anonymous_6)
FNDA:434,(anonymous_7)
FNDA:3,(anonymous_8)
FNDA:3,(anonymous_9)
FNDA:1,(anonymous_10)
FNDA:204,(anonymous_11)
FNDA:202,(anonymous_12)
FNDA:1,(anonymous_13)
DA:1,1
DA:2,1
DA:3,1
DA:4,1
DA:5,1
DA:9,1
DA:11,25
DA:13,1
DA:14,5
DA:15,5
DA:17,1
DA:18,212
DA:19,212
DA:21,1
DA:22,217
DA:23,434
DA:24,428
DA:27,1
DA:28,3
DA:31,3
DA:32,3
DA:33,3
DA:34,3
DA:37,1
DA:38,1
DA:39,1
DA:42,1
DA:43,204
DA:48,404
DA:49,202
DA:56,1
DA:57,1
DA:64,1
LF:33
LH:33
BRDA:23,0,0,6
BRDA:23,0,1,428
BRDA:31,1,0,1
BRDA:31,1,1,2
BRDA:48,2,0,202
BRDA:48,2,1,0
BRF:6
BRH:5
end_of_record
TN:
SF:/home/coco/Project/ngx-defi-core/src/app/modules/navigations/navigations.module.ts
FN:21,(anonymous_1)
FN:22,(anonymous_3)
FNF:2
FNH:2
FNDA:5,(anonymous_1)
FNDA:1,(anonymous_3)
DA:1,1
DA:2,1
DA:3,1
DA:4,1
DA:5,1
DA:21,1
DA:22,1
DA:23,1
DA:30,1
LF:9
LH:9
BRF:0
BRH:0
end_of_record
TN:
SF:/home/coco/Project/ngx-defi-core/src/app/modules/navigations/navbar/navbar.component.ts
FN:26,(anonymous_2)
FN:38,DefiNavbarComponent
FNF:2
FNH:2
FNDA:1,(anonymous_2)
FNDA:2,DefiNavbarComponent
DA:1,1
DA:26,1
DA:30,3
DA:32,1
DA:33,1
DA:39,1
LF:6
LH:6
BRF:0
BRH:0
end_of_record
TN:
SF:/home/coco/Project/ngx-defi-core/src/app/modules/navigations/providers/sidebar.service.ts
FN:7,(anonymous_1)
FN:6,DefiSideBarService
FN:16,(anonymous_3)
FN:23,(anonymous_4)
FN:30,(anonymous_5)
FNF:5
FNH:5
FNDA:1,(anonymous_1)
FNDA:9,DefiSideBarService
FNDA:1,(anonymous_3)
FNDA:1,(anonymous_4)
FNDA:2,(anonymous_5)
DA:1,1
DA:7,1
DA:11,9
DA:16,1
DA:17,1
DA:23,1
DA:24,1
DA:30,1
DA:31,2
DA:33,1
LF:10
LH:10
BRF:0
BRH:0
end_of_record
TN:
SF:/home/coco/Project/ngx-defi-core/src/app/modules/navigations/sidebar/sidebar.component.ts
FN:89,(anonymous_2)
FN:103,DefiSidebarComponent
FN:108,(anonymous_4)
FN:114,(anonymous_5)
FN:121,(anonymous_6)
FN:128,(anonymous_7)
FNF:6
FNH:4
FNDA:1,(anonymous_2)
FNDA:6,DefiSidebarComponent
FNDA:0,(anonymous_4)
FNDA:0,(anonymous_5)
FNDA:2,(anonymous_6)
FNDA:2,(anonymous_7)
DA:1,1
DA:2,1
DA:3,1
DA:4,1
DA:89,1
DA:93,6
DA:97,7
DA:99,1
DA:103,6
DA:108,1
DA:109,0
DA:110,0
DA:111,0
DA:114,1
DA:115,0
DA:121,1
DA:122,2
DA:128,1
DA:129,2
DA:134,1
LF:20
LH:16
BRDA:109,0,0,0
BRDA:109,0,1,0
BRDA:110,1,0,0
BRDA:110,1,1,0
BRDA:111,2,0,0
BRDA:111,2,1,0
BRDA:115,3,0,0
BRDA:115,3,1,0
BRDA:131,4,0,1
BRDA:131,4,1,1
BRDA:130,5,0,2
BRDA:130,5,1,2
BRF:12
BRH:4
end_of_record
TN:
SF:/home/coco/Project/ngx-defi-core/src/app/modules/overlay/overlay.module.ts
FN:25,(anonymous_1)
FN:26,(anonymous_3)
FNF:2
FNH:2
FNDA:9,(anonymous_1)
FNDA:2,(anonymous_3)
DA:1,1
DA:2,1
DA:3,1
DA:4,1
DA:5,1
DA:6,1
DA:25,1
DA:26,1
DA:27,2
DA:34,1
LF:10
LH:10
BRF:0
BRH:0
end_of_record
TN:
SF:/home/coco/Project/ngx-defi-core/src/app/modules/overlay/notifications/notifications.component.ts
FN:24,(anonymous_14)
FN:33,DefiNotificationsComponent
FN:34,(anonymous_16)
FN:35,(anonymous_17)
FN:41,(anonymous_18)
FN:42,(anonymous_19)
FN:46,(anonymous_22)
FN:47,(anonymous_23)
FN:56,(anonymous_24)
FN:58,(anonymous_25)
FN:60,(anonymous_26)
FN:61,(anonymous_27)
FN:71,(anonymous_28)
FN:72,(anonymous_31)
FNF:14
FNH:14
FNDA:1,(anonymous_14)
FNDA:6,DefiNotificationsComponent
FNDA:8,(anonymous_16)
FNDA:1,(anonymous_17)
FNDA:4,(anonymous_18)
FNDA:4,(anonymous_19)
FNDA:3,(anonymous_22)
FNDA:5,(anonymous_23)
FNDA:1,(anonymous_24)
FNDA:2,(anonymous_25)
FNDA:2,(anonymous_26)
FNDA:2,(anonymous_27)
FNDA:6,(anonymous_28)
FNDA:11,(anonymous_31)
DA:1,1
DA:2,1
DA:3,1
DA:24,1
DA:26,1
DA:28,6
DA:33,6
DA:34,8
DA:35,6
DA:41,4
DA:42,4
DA:43,4
DA:44,4
DA:45,3
DA:46,3
DA:47,5
DA:48,3
DA:56,1
DA:58,1
DA:59,2
DA:60,2
DA:61,2
DA:62,2
DA:71,1
DA:72,11
DA:73,6
DA:75,1
LF:27
LH:27
BRDA:44,0,0,1
BRDA:44,0,1,3
BRDA:73,1,0,5
BRDA:73,1,1,1
BRF:4
BRH:4
end_of_record
TN:
SF:/home/coco/Project/ngx-defi-core/src/app/modules/overlay/popup/popup.component.ts
FN:52,(anonymous_2)
FN:53,BodyDirective
FN:74,(anonymous_4)
FN:105,PopupComponent
FN:107,(anonymous_6)
FN:109,(anonymous_7)
FN:117,(anonymous_8)
FN:120,(anonymous_9)
FN:126,(anonymous_10)
FN:132,(anonymous_11)
FN:136,(anonymous_12)
FN:143,(anonymous_13)
FN:148,(anonymous_14)
FN:152,(anonymous_15)
FNF:14
FNH:13
FNDA:1,(anonymous_2)
FNDA:1,BodyDirective
FNDA:1,(anonymous_4)
FNDA:8,PopupComponent
FNDA:7,(anonymous_6)
FNDA:0,(anonymous_7)
FNDA:8,(anonymous_8)
FNDA:2,(anonymous_9)
FNDA:2,(anonymous_10)
FNDA:2,(anonymous_11)
FNDA:2,(anonymous_12)
FNDA:1,(anonymous_13)
FNDA:2,(anonymous_14)
FNDA:2,(anonymous_15)
DA:1,1
DA:16,1
DA:17,1
DA:52,1
DA:53,1
DA:54,1
DA:74,1
DA:75,1
DA:76,1
DA:77,1
DA:78,9
DA:79,9
DA:80,1
DA:82,9
DA:83,9
DA:85,1
DA:86,1
DA:87,9
DA:89,9
DA:91,9
DA:95,8
DA:96,9
DA:97,9
DA:98,8
DA:103,8
DA:105,8
DA:107,7
DA:108,7
DA:109,7
DA:110,0
DA:111,0
DA:112,0
DA:113,0
DA:117,1
DA:118,8
DA:120,2
DA:121,2
DA:122,2
DA:123,2
DA:124,2
DA:126,2
DA:127,2
DA:128,2
DA:130,2
DA:132,2
DA:133,2
DA:134,2
DA:135,2
DA:136,2
DA:137,2
DA:138,2
DA:139,2
DA:143,1
DA:144,1
DA:145,1
DA:148,1
DA:149,2
DA:152,1
DA:153,2
DA:154,2
DA:155,2
DA:156,1
DA:157,2
DA:159,1
LF:64
LH:60
BRDA:110,0,0,0
BRDA:110,0,1,0
BRDA:111,1,0,0
BRDA:111,1,1,0
BRDA:111,2,0,0
BRDA:111,2,1,0
BRDA:133,3,0,0
BRDA:133,3,1,2
BRDA:137,4,0,2
BRDA:137,4,1,0
BRDA:153,5,0,0
BRDA:153,5,1,2
BRDA:154,6,0,0
BRDA:154,6,1,2
BRDA:155,7,0,1
BRDA:155,7,1,1
BRDA:156,8,0,1
BRDA:156,8,1,1
BRF:18
BRH:8
end_of_record
TN:
SF:/home/coco/Project/ngx-defi-core/src/app/modules/overlay/providers/notifications.service.ts
FN:30,(anonymous_2)
FN:47,DefiNotificationsService
FN:58,(anonymous_4)
FN:73,(anonymous_5)
FN:74,(anonymous_6)
FN:82,(anonymous_7)
FN:83,(anonymous_8)
FN:95,(anonymous_9)
FN:97,(anonymous_10)
FN:103,(anonymous_11)
FN:104,(anonymous_12)
FNF:11
FNH:6
FNDA:1,(anonymous_2)
FNDA:6,DefiNotificationsService
FNDA:8,(anonymous_4)
FNDA:8,(anonymous_5)
FNDA:0,(anonymous_6)
FNDA:0,(anonymous_7)
FNDA:0,(anonymous_8)
FNDA:1,(anonymous_9)
FNDA:2,(anonymous_10)
FNDA:0,(anonymous_11)
FNDA:0,(anonymous_12)
DA:1,1
DA:2,1
DA:3,1
DA:30,1
DA:34,6
DA:38,6
DA:42,6
DA:48,6
DA:49,6
DA:50,1
DA:51,1
DA:58,1
DA:59,8
DA:64,8
DA:65,8
DA:66,8
DA:67,8
DA:73,8
DA:74,8
DA:75,0
DA:82,1
DA:83,0
DA:84,0
DA:85,0
DA:86,0
DA:87,0
DA:88,0
DA:95,1
DA:96,1
DA:97,2
DA:103,1
DA:104,0
DA:106,1
LF:33
LH:25
BRDA:49,0,0,1
BRDA:49,0,1,5
BRDA:61,1,0,8
BRDA:61,1,1,0
BRDA:62,2,0,8
BRDA:62,2,1,0
BRDA:84,3,0,0
BRDA:84,3,1,0
BRDA:85,4,0,0
BRDA:85,4,1,0
BRDA:86,5,0,0
BRDA:86,5,1,0
BRF:12
BRH:4
end_of_record
TN:
SF:/home/coco/Project/ngx-defi-core/src/app/modules/overlay/side-panel/side-panel.component.ts
FN:42,(anonymous_7)
FN:50,DefiSidePanelComponent
FNF:2
FNH:2
FNDA:1,(anonymous_7)
FNDA:4,DefiSidePanelComponent
DA:1,1
DA:2,1
DA:3,1
DA:42,1
DA:43,4
DA:44,4
DA:51,4
DA:53,1
LF:8
LH:8
BRDA:51,0,0,4
BRDA:51,0,1,4
BRF:2
BRH:2
end_of_record
TN:
SF:/home/coco/Project/ngx-defi-core/src/app/modules/theme/theme.module.ts
FN:19,(anonymous_1)
FN:20,(anonymous_3)
FNF:2
FNH:2
FNDA:3,(anonymous_1)
FNDA:1,(anonymous_3)
DA:1,1
DA:2,1
DA:3,1
DA:4,1
DA:5,1
DA:6,1
DA:7,1
DA:8,1
DA:19,1
DA:20,1
DA:21,1
DA:28,1
LF:12
LH:12
BRF:0
BRH:0
end_of_record
TN:
SF:/home/coco/Project/ngx-defi-core/src/app/modules/theme/providers/theme.service.ts
FN:8,(anonymous_2)
FN:16,ThemeService
FN:20,(anonymous_4)
FN:23,(anonymous_5)
FN:25,(anonymous_6)
FNF:5
FNH:5
FNDA:1,(anonymous_2)
FNDA:3,ThemeService
FNDA:3,(anonymous_4)
FNDA:120,(anonymous_5)
FNDA:120,(anonymous_6)
DA:1,1
DA:2,1
DA:3,1
DA:4,1
DA:8,1
DA:10,3
DA:14,3
DA:17,3
DA:20,3
DA:21,3
DA:22,3
DA:23,120
DA:25,1
DA:26,120
DA:27,120
DA:28,120
DA:31,1
LF:17
LH:17
BRDA:21,0,0,3
BRDA:21,0,1,0
BRF:2
BRH:1
end_of_record
TN:
SF:/home/coco/Project/ngx-defi-core/src/app/modules/theme/theme-manager/theme-manager.component.ts
FN:11,(anonymous_2)
FN:17,ThemeManagerComponent
FN:19,(anonymous_4)
FN:23,(anonymous_5)
FN:24,(anonymous_6)
FN:29,(anonymous_7)
FN:33,(anonymous_8)
FN:41,(anonymous_9)
FN:44,(anonymous_10)
FN:52,(anonymous_11)
FNF:10
FNH:4
FNDA:1,(anonymous_2)
FNDA:1,ThemeManagerComponent
FNDA:1,(anonymous_4)
FNDA:0,(anonymous_5)
FNDA:0,(anonymous_6)
FNDA:4,(anonymous_7)
FNDA:0,(anonymous_8)
FNDA:0,(anonymous_9)
FNDA:0,(anonymous_10)
FNDA:0,(anonymous_11)
DA:1,1
DA:2,1
DA:3,1
DA:4,1
DA:11,1
DA:12,1
DA:13,1
DA:14,1
DA:15,1
DA:16,1
DA:17,1
DA:19,1
DA:20,1
DA:23,1
DA:24,0
DA:25,0
DA:26,0
DA:29,4
DA:30,4
DA:31,4
DA:32,0
DA:33,0
DA:34,0
DA:36,0
DA:38,4
DA:41,1
DA:42,0
DA:44,1
DA:45,0
DA:46,0
DA:47,0
DA:48,0
DA:49,0
DA:52,1
DA:53,0
DA:55,1
LF:36
LH:22
BRDA:31,0,0,0
BRDA:31,0,1,4
BRDA:47,1,0,0
BRDA:47,1,1,0
BRF:4
BRH:1
end_of_record
