TN:
SF:/home/coco/Project/ngx-defi-core/src/polyfills.ts
FNF:0
FNH:0
DA:46,1
DA:74,1
LF:2
LH:2
BRF:0
BRH:0
end_of_record
TN:
SF:/home/coco/Project/ngx-defi-core/src/public_api.ts
FNF:0
FNH:0
DA:1,1
DA:2,1
DA:3,1
DA:4,1
DA:5,1
DA:6,1
DA:7,1
DA:8,1
DA:9,1
DA:10,1
DA:11,1
DA:12,1
DA:13,1
DA:14,1
DA:15,1
DA:16,1
DA:17,1
DA:18,1
DA:19,1
LF:19
LH:19
BRF:0
BRH:0
end_of_record
TN:
SF:/home/coco/Project/ngx-defi-core/src/test.ts
FNF:0
FNH:0
DA:3,1
DA:4,1
DA:5,1
DA:13,1
DA:18,1
DA:20,1
LF:6
LH:6
BRF:0
BRH:0
end_of_record
TN:
SF:/home/coco/Project/ngx-defi-core/src/app/app.component.ts
FN:10,(anonymous_1)
FNF:1
FNH:1
FNDA:2,(anonymous_1)
DA:1,1
DA:10,1
DA:12,1
LF:3
LH:3
BRF:0
BRH:0
end_of_record
TN:
SF:/home/coco/Project/ngx-defi-core/src/app/app.module.ts
FN:27,(anonymous_1)
FNF:1
FNH:1
FNDA:2,(anonymous_1)
DA:1,1
DA:2,1
DA:4,1
DA:5,1
DA:6,1
DA:7,1
DA:9,1
DA:27,1
LF:8
LH:8
BRF:0
BRH:0
end_of_record
TN:
SF:/home/coco/Project/ngx-defi-core/src/app/demo/demo.module.ts
FN:28,(anonymous_1)
FNF:1
FNH:1
FNDA:1,(anonymous_1)
DA:1,1
DA:2,1
DA:3,1
DA:4,1
DA:5,1
DA:8,1
DA:28,1
LF:7
LH:7
BRF:0
BRH:0
end_of_record
TN:
SF:/home/coco/Project/ngx-defi-core/src/app/demo/demo/demo.component.ts
FN:9,(anonymous_2)
FN:13,DemoComponent
FN:24,(anonymous_4)
FN:36,(anonymous_5)
FN:45,(anonymous_6)
FN:47,(anonymous_7)
FNF:6
FNH:1
FNDA:1,(anonymous_2)
FNDA:0,DemoComponent
FNDA:0,(anonymous_4)
FNDA:0,(anonymous_5)
FNDA:0,(anonymous_6)
FNDA:0,(anonymous_7)
DA:1,1
DA:2,1
DA:9,1
DA:10,0
DA:11,1
DA:12,1
DA:13,0
DA:14,0
DA:15,0
DA:25,0
DA:37,0
DA:45,1
DA:46,0
DA:47,0
DA:48,0
DA:49,0
DA:50,0
DA:53,1
LF:18
LH:7
BRF:0
BRH:0
end_of_record
TN:
SF:/home/coco/Project/ngx-defi-core/src/modules/core/core.module.ts
FN:61,(anonymous_1)
FN:62,(anonymous_3)
FNF:2
FNH:2
FNDA:2,(anonymous_1)
FNDA:1,(anonymous_3)
DA:1,1
DA:2,1
DA:4,1
DA:5,1
DA:6,1
DA:7,1
DA:8,1
DA:9,1
DA:11,1
DA:12,1
DA:13,1
DA:14,1
DA:15,1
DA:16,1
DA:17,1
DA:18,1
DA:19,1
DA:20,1
DA:21,1
DA:22,1
DA:61,1
DA:62,1
DA:63,1
DA:73,1
LF:24
LH:24
BRF:0
BRH:0
end_of_record
TN:
SF:/home/coco/Project/ngx-defi-core/src/modules/core/box/box.component.ts
FN:15,(anonymous_2)
FNF:1
FNH:1
FNDA:1,(anonymous_2)
DA:1,1
DA:15,1
DA:17,1
DA:21,1
LF:4
LH:4
BRF:0
BRH:0
end_of_record
TN:
SF:/home/coco/Project/ngx-defi-core/src/modules/core/directives/debounceInput.directive.ts
FN:14,(anonymous_2)
FN:11,DebounceInputDirective
FN:37,(anonymous_4)
FN:40,(anonymous_5)
FN:43,(anonymous_6)
FN:46,(anonymous_7)
FN:52,(anonymous_8)
FN:60,(anonymous_9)
FNF:8
FNH:1
FNDA:1,(anonymous_2)
FNDA:0,DebounceInputDirective
FNDA:0,(anonymous_4)
FNDA:0,(anonymous_5)
FNDA:0,(anonymous_6)
FNDA:0,(anonymous_7)
FNDA:0,(anonymous_8)
FNDA:0,(anonymous_9)
DA:1,1
DA:2,1
DA:4,1
DA:14,1
DA:18,1
DA:22,1
DA:26,0
DA:37,1
DA:38,0
DA:40,1
DA:41,0
DA:43,0
DA:46,1
DA:47,0
DA:52,1
DA:53,0
DA:60,2
DA:61,0
DA:62,0
DA:63,0
DA:65,1
LF:21
LH:12
BRDA:47,0,0,0
BRDA:47,0,1,0
BRDA:47,1,0,0
BRDA:47,1,1,0
BRF:4
BRH:0
end_of_record
TN:
SF:/home/coco/Project/ngx-defi-core/src/modules/core/directives/showPassword.directive.ts
FN:11,(anonymous_2)
FN:16,ShowPasswordDirective
FN:18,(anonymous_4)
FN:31,(anonymous_5)
FNF:4
FNH:1
FNDA:1,(anonymous_2)
FNDA:0,ShowPasswordDirective
FNDA:0,(anonymous_4)
FNDA:0,(anonymous_5)
DA:1,1
DA:11,1
DA:16,0
DA:18,1
DA:19,0
DA:20,0
DA:21,0
DA:22,0
DA:23,0
DA:24,0
DA:25,0
DA:26,0
DA:27,0
DA:28,0
DA:29,0
DA:31,0
DA:32,0
DA:33,0
DA:34,0
DA:35,0
DA:36,0
DA:38,0
DA:39,0
DA:40,0
DA:44,0
DA:45,0
DA:46,0
DA:47,0
DA:51,1
LF:29
LH:4
BRDA:33,0,0,0
BRDA:33,0,1,0
BRF:2
BRH:0
end_of_record
TN:
SF:/home/coco/Project/ngx-defi-core/src/modules/core/directives/spinningIcon.directive.ts
FN:16,(anonymous_2)
FN:21,SpinningIconDirective
FN:23,(anonymous_4)
FN:28,(anonymous_5)
FNF:4
FNH:1
FNDA:1,(anonymous_2)
FNDA:0,SpinningIconDirective
FNDA:0,(anonymous_4)
FNDA:0,(anonymous_5)
DA:1,1
DA:16,1
DA:21,0
DA:23,1
DA:24,0
DA:25,0
DA:28,1
DA:29,0
DA:30,0
DA:32,1
LF:10
LH:5
BRF:0
BRH:0
end_of_record
TN:
SF:/home/coco/Project/ngx-defi-core/src/modules/core/directives/stopPropagation.directive.ts
FN:13,(anonymous_2)
FN:18,(anonymous_4)
FNF:2
FNH:1
FNDA:1,(anonymous_2)
FNDA:0,(anonymous_4)
DA:1,1
DA:13,1
DA:18,1
DA:19,0
DA:21,1
LF:5
LH:4
BRF:0
BRH:0
end_of_record
TN:
SF:/home/coco/Project/ngx-defi-core/src/modules/core/directives/validators.directive.ts
FN:14,(anonymous_2)
FN:23,ValidatorsDirective
FN:28,(anonymous_4)
FN:35,(anonymous_5)
FNF:4
FNH:1
FNDA:1,(anonymous_2)
FNDA:0,ValidatorsDirective
FNDA:0,(anonymous_4)
FNDA:0,(anonymous_5)
DA:1,1
DA:14,1
DA:18,1
DA:23,0
DA:28,1
DA:29,0
DA:35,1
DA:36,0
DA:37,0
DA:38,0
DA:40,0
DA:41,0
DA:44,1
LF:13
LH:6
BRDA:36,0,0,0
BRDA:36,0,1,0
BRF:2
BRH:0
end_of_record
TN:
SF:/home/coco/Project/ngx-defi-core/src/modules/core/form-errors/form-errors.component.ts
FN:19,(anonymous_2)
FNF:1
FNH:1
FNDA:1,(anonymous_2)
DA:1,1
DA:19,1
DA:23,1
DA:27,1
DA:29,1
LF:5
LH:5
BRF:0
BRH:0
end_of_record
TN:
SF:/home/coco/Project/ngx-defi-core/src/modules/core/navbar/navbar.component.ts
FN:26,(anonymous_2)
FN:37,NavbarComponent
FNF:2
FNH:1
FNDA:1,(anonymous_2)
FNDA:0,NavbarComponent
DA:1,1
DA:26,1
DA:30,1
DA:32,1
DA:38,1
LF:5
LH:5
BRF:0
BRH:0
end_of_record
TN:
SF:/home/coco/Project/ngx-defi-core/src/modules/core/notifications/notifications.component.ts
FN:24,(anonymous_14)
FN:33,NotificationsComponent
FN:34,(anonymous_16)
FN:35,(anonymous_17)
FN:41,(anonymous_18)
FN:42,(anonymous_19)
FN:46,(anonymous_22)
FN:47,(anonymous_23)
FN:56,(anonymous_24)
FN:58,(anonymous_25)
FN:60,(anonymous_26)
FN:61,(anonymous_27)
FN:71,(anonymous_28)
FN:72,(anonymous_31)
FNF:14
FNH:1
FNDA:1,(anonymous_14)
FNDA:0,NotificationsComponent
FNDA:0,(anonymous_16)
FNDA:0,(anonymous_17)
FNDA:0,(anonymous_18)
FNDA:0,(anonymous_19)
FNDA:0,(anonymous_22)
FNDA:0,(anonymous_23)
FNDA:0,(anonymous_24)
FNDA:0,(anonymous_25)
FNDA:0,(anonymous_26)
FNDA:0,(anonymous_27)
FNDA:0,(anonymous_28)
FNDA:0,(anonymous_31)
DA:1,1
DA:2,1
DA:3,1
DA:24,1
DA:26,1
DA:28,0
DA:33,0
DA:34,0
DA:35,0
DA:41,1
DA:42,0
DA:43,0
DA:44,0
DA:45,0
DA:46,0
DA:47,0
DA:48,0
DA:56,1
DA:58,0
DA:59,0
DA:60,0
DA:61,0
DA:62,0
DA:71,1
DA:72,0
DA:73,0
DA:75,1
LF:27
LH:9
BRDA:44,0,0,0
BRDA:44,0,1,0
BRDA:73,1,0,0
BRDA:73,1,1,0
BRF:4
BRH:0
end_of_record
TN:
SF:/home/coco/Project/ngx-defi-core/src/modules/core/pipe/toId.pipe.ts
FN:7,(anonymous_1)
FN:13,(anonymous_3)
FNF:2
FNH:1
FNDA:1,(anonymous_1)
FNDA:0,(anonymous_3)
DA:1,1
DA:7,1
DA:13,1
DA:14,0
DA:16,1
LF:5
LH:4
BRF:0
BRH:0
end_of_record
TN:
SF:/home/coco/Project/ngx-defi-core/src/modules/core/popover/popover.component.ts
FN:27,(anonymous_2)
FN:40,PopoverComponent
FN:48,(anonymous_4)
FN:54,(anonymous_5)
FN:57,(anonymous_6)
FN:58,(anonymous_7)
FNF:6
FNH:2
FNDA:1,(anonymous_2)
FNDA:1,PopoverComponent
FNDA:0,(anonymous_4)
FNDA:0,(anonymous_5)
FNDA:0,(anonymous_6)
FNDA:0,(anonymous_7)
DA:1,1
DA:12,1
DA:13,1
DA:27,1
DA:32,2
DA:36,2
DA:37,1
DA:38,1
DA:40,1
DA:41,1
DA:48,1
DA:49,0
DA:50,0
DA:54,1
DA:55,0
DA:57,1
DA:58,0
DA:59,0
DA:60,0
DA:61,0
DA:62,0
DA:63,0
DA:67,1
LF:23
LH:14
BRDA:51,0,0,0
BRDA:51,0,1,0
BRDA:62,1,0,0
BRDA:62,1,1,0
BRDA:62,2,0,0
BRDA:62,2,1,0
BRF:6
BRH:0
end_of_record
TN:
SF:/home/coco/Project/ngx-defi-core/src/modules/core/providers/common.service.ts
FN:27,(anonymous_2)
FN:44,CommonService
FN:53,(anonymous_4)
FN:62,(anonymous_5)
FN:69,(anonymous_6)
FN:78,(anonymous_7)
FN:79,(anonymous_8)
FN:80,(anonymous_9)
FN:90,(anonymous_10)
FN:142,(anonymous_11)
FN:143,(anonymous_12)
FN:144,(anonymous_13)
FN:153,(anonymous_14)
FN:155,flat
FN:156,(anonymous_16)
FN:168,(anonymous_17)
FNF:16
FNH:1
FNDA:1,(anonymous_2)
FNDA:0,CommonService
FNDA:0,(anonymous_4)
FNDA:0,(anonymous_5)
FNDA:0,(anonymous_6)
FNDA:0,(anonymous_7)
FNDA:0,(anonymous_8)
FNDA:0,(anonymous_9)
FNDA:0,(anonymous_10)
FNDA:0,(anonymous_11)
FNDA:0,(anonymous_12)
FNDA:0,(anonymous_13)
FNDA:0,(anonymous_14)
FNDA:0,flat
FNDA:0,(anonymous_16)
FNDA:0,(anonymous_17)
DA:1,1
DA:2,1
DA:27,1
DA:45,0
DA:46,0
DA:47,0
DA:53,1
DA:54,0
DA:55,0
DA:56,0
DA:62,1
DA:63,0
DA:69,0
DA:70,0
DA:71,0
DA:73,0
DA:74,0
DA:75,0
DA:77,0
DA:78,0
DA:79,0
DA:80,0
DA:81,0
DA:85,0
DA:86,0
DA:90,0
DA:91,0
DA:93,0
DA:94,0
DA:97,0
DA:142,1
DA:143,0
DA:144,0
DA:145,0
DA:153,1
DA:154,0
DA:156,0
DA:157,0
DA:158,0
DA:161,0
DA:162,0
DA:168,1
DA:169,0
DA:174,1
LF:44
LH:9
BRDA:56,0,0,0
BRDA:56,0,1,0
BRDA:70,1,0,0
BRDA:70,1,1,0
BRDA:71,2,0,0
BRDA:71,2,1,0
BRDA:73,3,0,0
BRDA:73,3,1,0
BRDA:73,4,0,0
BRDA:73,4,1,0
BRDA:91,5,0,0
BRDA:91,5,1,0
BRDA:157,6,0,0
BRDA:157,6,1,0
BRF:14
BRH:0
end_of_record
TN:
SF:/home/coco/Project/ngx-defi-core/src/modules/core/providers/notifications.service.ts
FN:30,(anonymous_2)
FN:47,NotificationsService
FN:58,(anonymous_4)
FN:73,(anonymous_5)
FN:74,(anonymous_6)
FN:82,(anonymous_7)
FN:83,(anonymous_8)
FN:95,(anonymous_9)
FN:97,(anonymous_10)
FN:103,(anonymous_11)
FN:104,(anonymous_12)
FNF:11
FNH:1
FNDA:1,(anonymous_2)
FNDA:0,NotificationsService
FNDA:0,(anonymous_4)
FNDA:0,(anonymous_5)
FNDA:0,(anonymous_6)
FNDA:0,(anonymous_7)
FNDA:0,(anonymous_8)
FNDA:0,(anonymous_9)
FNDA:0,(anonymous_10)
FNDA:0,(anonymous_11)
FNDA:0,(anonymous_12)
DA:1,1
DA:2,1
DA:3,1
DA:30,1
DA:34,0
DA:38,0
DA:42,0
DA:48,0
DA:49,0
DA:50,0
DA:51,0
DA:58,1
DA:59,0
DA:64,0
DA:65,0
DA:66,0
DA:67,0
DA:73,1
DA:74,0
DA:75,0
DA:82,1
DA:83,0
DA:84,0
DA:85,0
DA:86,0
DA:87,0
DA:88,0
DA:95,1
DA:96,0
DA:97,0
DA:103,1
DA:104,0
DA:106,1
LF:33
LH:10
BRDA:49,0,0,0
BRDA:49,0,1,0
BRDA:61,1,0,0
BRDA:61,1,1,0
BRDA:62,2,0,0
BRDA:62,2,1,0
BRDA:84,3,0,0
BRDA:84,3,1,0
BRDA:85,4,0,0
BRDA:85,4,1,0
BRDA:86,5,0,0
BRDA:86,5,1,0
BRF:12
BRH:0
end_of_record
TN:
SF:/home/coco/Project/ngx-defi-core/src/modules/core/providers/sidebar.service.ts
FN:7,(anonymous_1)
FN:6,SideBarService
FN:16,(anonymous_3)
FN:23,(anonymous_4)
FN:30,(anonymous_5)
FNF:5
FNH:1
FNDA:1,(anonymous_1)
FNDA:0,SideBarService
FNDA:0,(anonymous_3)
FNDA:0,(anonymous_4)
FNDA:0,(anonymous_5)
DA:1,1
DA:7,1
DA:11,0
DA:16,1
DA:17,0
DA:23,1
DA:24,0
DA:30,1
DA:31,0
DA:33,1
LF:10
LH:6
BRF:0
BRH:0
end_of_record
TN:
SF:/home/coco/Project/ngx-defi-core/src/modules/core/providers/sidepanel.service.ts
FN:7,(anonymous_1)
FN:6,SidePanelService
FN:17,(anonymous_3)
FN:26,(anonymous_4)
FN:33,(anonymous_5)
FNF:5
FNH:1
FNDA:1,(anonymous_1)
FNDA:0,SidePanelService
FNDA:0,(anonymous_3)
FNDA:0,(anonymous_4)
FNDA:0,(anonymous_5)
DA:1,1
DA:7,1
DA:11,0
DA:17,1
DA:18,0
DA:19,0
DA:20,0
DA:26,1
DA:27,0
DA:33,1
DA:34,0
DA:36,1
LF:12
LH:6
BRDA:18,0,0,0
BRDA:18,0,1,0
BRDA:19,1,0,0
BRDA:19,1,1,0
BRF:4
BRH:0
end_of_record
TN:
SF:/home/coco/Project/ngx-defi-core/src/modules/core/side-panel/side-panel.component.ts
FN:27,(anonymous_2)
FN:31,SidePanelComponent
FNF:2
FNH:1
FNDA:1,(anonymous_2)
FNDA:0,SidePanelComponent
DA:1,1
DA:2,1
DA:27,1
DA:31,0
DA:32,1
LF:5
LH:4
BRF:0
BRH:0
end_of_record
TN:
SF:/home/coco/Project/ngx-defi-core/src/modules/core/sidebar/sidebar.component.ts
FN:90,(anonymous_2)
FN:104,SidebarComponent
FN:109,(anonymous_4)
FN:113,(anonymous_5)
FN:120,(anonymous_6)
FN:127,(anonymous_7)
FNF:6
FNH:1
FNDA:1,(anonymous_2)
FNDA:0,SidebarComponent
FNDA:0,(anonymous_4)
FNDA:0,(anonymous_5)
FNDA:0,(anonymous_6)
FNDA:0,(anonymous_7)
DA:1,1
DA:2,1
DA:3,1
DA:90,1
DA:94,0
DA:98,1
DA:100,1
DA:104,0
DA:109,1
DA:110,0
DA:113,1
DA:114,0
DA:120,1
DA:121,0
DA:127,1
DA:128,0
DA:133,1
LF:17
LH:11
BRDA:114,0,0,0
BRDA:114,0,1,0
BRDA:130,1,0,0
BRDA:130,1,1,0
BRDA:129,2,0,0
BRDA:129,2,1,0
BRF:6
BRH:0
end_of_record
TN:
SF:/home/coco/Project/ngx-defi-core/src/modules/core/validators/Password.validator.ts
FN:22,(anonymous_0)
FN:27,(anonymous_2)
FN:37,(anonymous_3)
FNF:3
FNH:1
FNDA:1,(anonymous_0)
FNDA:0,(anonymous_2)
FNDA:0,(anonymous_3)
DA:22,1
DA:27,1
DA:28,0
DA:29,0
DA:30,0
DA:31,0
DA:32,0
DA:37,1
DA:38,0
DA:39,0
DA:40,0
DA:41,0
DA:43,0
DA:45,1
LF:14
LH:4
BRDA:30,0,0,0
BRDA:30,0,1,0
BRDA:37,1,0,0
BRDA:37,1,1,0
BRF:4
BRH:0
end_of_record
